<?xml version="1.0" encoding="UTF-8"?>
<testsuite name="vip.trushin.intellij.workflows.RollbackFlowTest" tests="4" skipped="0" failures="0" errors="0" timestamp="2026-03-22T10:45:19" hostname="1-c.local" time="6.555">
  <properties/>
  <testcase name="Step 1: Open Git Log" classname="vip.trushin.intellij.workflows.RollbackFlowTest" time="3.963"/>
  <testcase name="Step 2: Reset with soft mode" classname="vip.trushin.intellij.workflows.RollbackFlowTest" time="0.819"/>
  <testcase name="Step 3: Reset with mixed mode" classname="vip.trushin.intellij.workflows.RollbackFlowTest" time="0.931"/>
  <testcase name="Step 4: Reset with hard mode" classname="vip.trushin.intellij.workflows.RollbackFlowTest" time="0.84"/>
  <system-out><![CDATA[21:45:19.231 [Test worker] INFO  v.trushin.intellij.model.EventLogger - Event logger writing to: /Users/macbookpro/git-flow-log.jsonl
21:45:19.610 [Test worker] INFO  v.t.intellij.capture.CapturePipeline - === Capture: open_log_for_rollback (RESET) ===
21:45:20.023 [Test worker] INFO  v.t.intellij.capture.ScreenCapture - Screenshot saved: /Users/macbookpro/openSource/intellij-idea.trushin.vip/captures/20260322_214519_611_before_open_log_for_rollback.png
21:45:20.067 [Test worker] INFO  v.t.intellij.capture.ScreenCapture - UI tree via inspection endpoint saved: /Users/macbookpro/openSource/intellij-idea.trushin.vip/captures/20260322_214520_024_before_open_log_for_rollback_hierarchy.xml
21:45:20.067 [Test worker] INFO  v.t.intellij.capture.CapturePipeline - Pre-capture complete: screenshot=/Users/macbookpro/openSource/intellij-idea.trushin.vip/captures/20260322_214519_611_before_open_log_for_rollback.png, tree=/Users/macbookpro/openSource/intellij-idea.trushin.vip/captures/20260322_214520_024_before_open_log_for_rollback_hierarchy.xml
Recent commits:
c474f71 test: GitFlow capture test commit
51f4cb3 Initial commit
21:45:23.525 [Test worker] INFO  v.t.intellij.capture.ScreenCapture - Screenshot saved: /Users/macbookpro/openSource/intellij-idea.trushin.vip/captures/20260322_214523_167_after_open_log_for_rollback.png
21:45:23.568 [Test worker] INFO  v.t.intellij.capture.ScreenCapture - UI tree via inspection endpoint saved: /Users/macbookpro/openSource/intellij-idea.trushin.vip/captures/20260322_214523_526_after_open_log_for_rollback_hierarchy.xml
21:45:23.568 [Test worker] INFO  v.t.intellij.capture.CapturePipeline - Post-capture complete: screenshot=/Users/macbookpro/openSource/intellij-idea.trushin.vip/captures/20260322_214523_167_after_open_log_for_rollback.png, tree=/Users/macbookpro/openSource/intellij-idea.trushin.vip/captures/20260322_214523_526_after_open_log_for_rollback_hierarchy.xml
21:45:23.568 [Test worker] DEBUG v.trushin.intellij.model.EventLogger - Logged event: type=RESET, outcome=SUCCESS
21:45:23.568 [Test worker] INFO  v.t.intellij.capture.CapturePipeline - === Capture complete: open_log_for_rollback -> SUCCESS ===
21:45:23.569 [Test worker] INFO  v.t.intellij.capture.CapturePipeline - === Capture: reset_soft (RESET) ===
21:45:23.902 [Test worker] INFO  v.t.intellij.capture.ScreenCapture - Screenshot saved: /Users/macbookpro/openSource/intellij-idea.trushin.vip/captures/20260322_214523_569_before_reset_soft.png
21:45:23.946 [Test worker] INFO  v.t.intellij.capture.ScreenCapture - UI tree via inspection endpoint saved: /Users/macbookpro/openSource/intellij-idea.trushin.vip/captures/20260322_214523_902_before_reset_soft_hierarchy.xml
21:45:23.946 [Test worker] INFO  v.t.intellij.capture.CapturePipeline - Pre-capture complete: screenshot=/Users/macbookpro/openSource/intellij-idea.trushin.vip/captures/20260322_214523_569_before_reset_soft.png, tree=/Users/macbookpro/openSource/intellij-idea.trushin.vip/captures/20260322_214523_902_before_reset_soft_hierarchy.xml
21:45:24.341 [Test worker] INFO  v.t.intellij.capture.ScreenCapture - Screenshot saved: /Users/macbookpro/openSource/intellij-idea.trushin.vip/captures/20260322_214524_007_after_reset_soft.png
21:45:24.387 [Test worker] INFO  v.t.intellij.capture.ScreenCapture - UI tree via inspection endpoint saved: /Users/macbookpro/openSource/intellij-idea.trushin.vip/captures/20260322_214524_341_after_reset_soft_hierarchy.xml
21:45:24.388 [Test worker] INFO  v.t.intellij.capture.CapturePipeline - Post-capture complete: screenshot=/Users/macbookpro/openSource/intellij-idea.trushin.vip/captures/20260322_214524_007_after_reset_soft.png, tree=/Users/macbookpro/openSource/intellij-idea.trushin.vip/captures/20260322_214524_341_after_reset_soft_hierarchy.xml
21:45:24.388 [Test worker] DEBUG v.trushin.intellij.model.EventLogger - Logged event: type=RESET, outcome=SUCCESS
21:45:24.388 [Test worker] INFO  v.t.intellij.capture.CapturePipeline - === Capture complete: reset_soft -> SUCCESS ===
21:45:24.389 [Test worker] INFO  v.t.intellij.capture.CapturePipeline - === Capture: reset_mixed (RESET) ===
21:45:24.720 [Test worker] INFO  v.t.intellij.capture.ScreenCapture - Screenshot saved: /Users/macbookpro/openSource/intellij-idea.trushin.vip/captures/20260322_214524_389_before_reset_mixed.png
21:45:24.757 [Test worker] INFO  v.t.intellij.capture.ScreenCapture - UI tree via inspection endpoint saved: /Users/macbookpro/openSource/intellij-idea.trushin.vip/captures/20260322_214524_720_before_reset_mixed_hierarchy.xml
21:45:24.757 [Test worker] INFO  v.t.intellij.capture.CapturePipeline - Pre-capture complete: screenshot=/Users/macbookpro/openSource/intellij-idea.trushin.vip/captures/20260322_214524_389_before_reset_mixed.png, tree=/Users/macbookpro/openSource/intellij-idea.trushin.vip/captures/20260322_214524_720_before_reset_mixed_hierarchy.xml
21:45:25.262 [Test worker] INFO  v.t.intellij.capture.ScreenCapture - Screenshot saved: /Users/macbookpro/openSource/intellij-idea.trushin.vip/captures/20260322_214524_895_after_reset_mixed.png
21:45:25.316 [Test worker] INFO  v.t.intellij.capture.ScreenCapture - UI tree via inspection endpoint saved: /Users/macbookpro/openSource/intellij-idea.trushin.vip/captures/20260322_214525_263_after_reset_mixed_hierarchy.xml
21:45:25.316 [Test worker] INFO  v.t.intellij.capture.CapturePipeline - Post-capture complete: screenshot=/Users/macbookpro/openSource/intellij-idea.trushin.vip/captures/20260322_214524_895_after_reset_mixed.png, tree=/Users/macbookpro/openSource/intellij-idea.trushin.vip/captures/20260322_214525_263_after_reset_mixed_hierarchy.xml
21:45:25.318 [Test worker] DEBUG v.trushin.intellij.model.EventLogger - Logged event: type=RESET, outcome=SUCCESS
21:45:25.318 [Test worker] INFO  v.t.intellij.capture.CapturePipeline - === Capture complete: reset_mixed -> SUCCESS ===
21:45:25.321 [Test worker] INFO  v.t.intellij.capture.CapturePipeline - === Capture: reset_hard (RESET) ===
21:45:25.681 [Test worker] INFO  v.t.intellij.capture.ScreenCapture - Screenshot saved: /Users/macbookpro/openSource/intellij-idea.trushin.vip/captures/20260322_214525_321_before_reset_hard.png
21:45:25.728 [Test worker] INFO  v.t.intellij.capture.ScreenCapture - UI tree via inspection endpoint saved: /Users/macbookpro/openSource/intellij-idea.trushin.vip/captures/20260322_214525_681_before_reset_hard_hierarchy.xml
21:45:25.728 [Test worker] INFO  v.t.intellij.capture.CapturePipeline - Pre-capture complete: screenshot=/Users/macbookpro/openSource/intellij-idea.trushin.vip/captures/20260322_214525_321_before_reset_hard.png, tree=/Users/macbookpro/openSource/intellij-idea.trushin.vip/captures/20260322_214525_681_before_reset_hard_hierarchy.xml
21:45:26.115 [Test worker] INFO  v.t.intellij.capture.ScreenCapture - Screenshot saved: /Users/macbookpro/openSource/intellij-idea.trushin.vip/captures/20260322_214525_785_after_reset_hard.png
21:45:26.161 [Test worker] INFO  v.t.intellij.capture.ScreenCapture - UI tree via inspection endpoint saved: /Users/macbookpro/openSource/intellij-idea.trushin.vip/captures/20260322_214526_115_after_reset_hard_hierarchy.xml
21:45:26.161 [Test worker] INFO  v.t.intellij.capture.CapturePipeline - Post-capture complete: screenshot=/Users/macbookpro/openSource/intellij-idea.trushin.vip/captures/20260322_214525_785_after_reset_hard.png, tree=/Users/macbookpro/openSource/intellij-idea.trushin.vip/captures/20260322_214526_115_after_reset_hard_hierarchy.xml
21:45:26.161 [Test worker] DEBUG v.trushin.intellij.model.EventLogger - Logged event: type=RESET, outcome=SUCCESS
21:45:26.161 [Test worker] INFO  v.t.intellij.capture.CapturePipeline - === Capture complete: reset_hard -> SUCCESS ===
]]></system-out>
  <system-err><![CDATA[]]></system-err>
</testsuite>
