<?xml version="1.0" encoding="UTF-8"?>
<testsuite name="vip.trushin.intellij.workflows.DiagnosticTest" tests="3" skipped="0" failures="0" errors="0" timestamp="2026-03-22T22:51:37" hostname="1-c.local" time="18.943">
  <properties/>
  <testcase name="Diag 1: Branch popup - type and see what happens" classname="vip.trushin.intellij.workflows.DiagnosticTest" time="8.038"/>
  <testcase name="Diag 2: Unstash dialog via action" classname="vip.trushin.intellij.workflows.DiagnosticTest" time="6.862"/>
  <testcase name="Diag 3: Try Git checkout via action" classname="vip.trushin.intellij.workflows.DiagnosticTest" time="4.042"/>
  <system-out><![CDATA[DIAG: Search fields after type: 2
DIAG: SpeedSearch: 0
DIAG: HeavyWeightWindow: 1
DIAG: ActionMenuItem after enter: 0
DIAG: HeavyWeightWindow after enter: 2
DIAG: Checkout items: 1
DIAG: Git.Unstash -> UnstashDialogFixture: 0
DIAG: Git.Unstash -> MyDialog: 0
DIAG: Git.UnstashChanges -> UnstashDialogFixture: 0
DIAG: Git.UnstashChanges -> MyDialog: 0
DIAG: Vcs.Git.Unstash -> UnstashDialogFixture: 0
DIAG: Vcs.Git.Unstash -> MyDialog: 0
DIAG: Branch info: not-set
DIAG: Checkout result: not-set
]]></system-out>
  <system-err><![CDATA[]]></system-err>
</testsuite>
