<?xml version="1.0" encoding="UTF-8"?>
<testsuite name="vip.trushin.intellij.workflows.StashFlowTest" tests="3" skipped="0" failures="1" errors="0" timestamp="2026-03-22T22:50:23" hostname="1-c.local" time="31.455">
  <properties/>
  <testcase name="Step 1: Stash current changes via Stash dialog" classname="vip.trushin.intellij.workflows.StashFlowTest" time="4.648">
    <failure message="org.opentest4j.AssertionFailedError: expected: &lt;SUCCESS&gt; but was: &lt;FAILURE&gt;" type="org.opentest4j.AssertionFailedError">org.opentest4j.AssertionFailedError: expected: &lt;SUCCESS&gt; but was: &lt;FAILURE&gt;
	at app//org.junit.jupiter.api.AssertionFailureBuilder.build(AssertionFailureBuilder.java:151)
	at app//org.junit.jupiter.api.AssertionFailureBuilder.buildAndThrow(AssertionFailureBuilder.java:132)
	at app//org.junit.jupiter.api.AssertEquals.failNotEqual(AssertEquals.java:197)
	at app//org.junit.jupiter.api.AssertEquals.assertEquals(AssertEquals.java:182)
	at app//org.junit.jupiter.api.AssertEquals.assertEquals(AssertEquals.java:177)
	at app//org.junit.jupiter.api.Assertions.assertEquals(Assertions.java:1145)
	at app//vip.trushin.intellij.workflows.StashFlowTest.stashChanges(StashFlowTest.kt:68)
	at java.base@17.0.14/jdk.internal.reflect.NativeMethodAccessorImpl.invoke0(Native Method)
	at java.base@17.0.14/jdk.internal.reflect.NativeMethodAccessorImpl.invoke(NativeMethodAccessorImpl.java:77)
	at java.base@17.0.14/jdk.internal.reflect.DelegatingMethodAccessorImpl.invoke(DelegatingMethodAccessorImpl.java:43)
	at java.base@17.0.14/java.lang.reflect.Method.invoke(Method.java:569)
	at app//org.junit.platform.commons.util.ReflectionUtils.invokeMethod(ReflectionUtils.java:728)
	at app//org.junit.jupiter.engine.execution.MethodInvocation.proceed(MethodInvocation.java:60)
	at app//org.junit.jupiter.engine.execution.InvocationInterceptorChain$ValidatingInvocation.proceed(InvocationInterceptorChain.java:131)
	at app//org.junit.jupiter.engine.extension.TimeoutExtension.intercept(TimeoutExtension.java:156)
	at app//org.junit.jupiter.engine.extension.TimeoutExtension.interceptTestableMethod(TimeoutExtension.java:147)
	at app//org.junit.jupiter.engine.extension.TimeoutExtension.interceptTestMethod(TimeoutExtension.java:86)
	at app//org.junit.jupiter.engine.execution.InterceptingExecutableInvoker$ReflectiveInterceptorCall.lambda$ofVoidMethod$0(InterceptingExecutableInvoker.java:103)
	at app//org.junit.jupiter.engine.execution.InterceptingExecutableInvoker.lambda$invoke$0(InterceptingExecutableInvoker.java:93)
	at app//org.junit.jupiter.engine.execution.InvocationInterceptorChain$InterceptedInvocation.proceed(InvocationInterceptorChain.java:106)
	at app//org.junit.jupiter.engine.execution.InvocationInterceptorChain.proceed(InvocationInterceptorChain.java:64)
	at app//org.junit.jupiter.engine.execution.InvocationInterceptorChain.chainAndInvoke(InvocationInterceptorChain.java:45)
	at app//org.junit.jupiter.engine.execution.InvocationInterceptorChain.invoke(InvocationInterceptorChain.java:37)
	at app//org.junit.jupiter.engine.execution.InterceptingExecutableInvoker.invoke(InterceptingExecutableInvoker.java:92)
	at app//org.junit.jupiter.engine.execution.InterceptingExecutableInvoker.invoke(InterceptingExecutableInvoker.java:86)
	at app//org.junit.jupiter.engine.descriptor.TestMethodTestDescriptor.lambda$invokeTestMethod$7(TestMethodTestDescriptor.java:218)
	at app//org.junit.platform.engine.support.hierarchical.ThrowableCollector.execute(ThrowableCollector.java:73)
	at app//org.junit.jupiter.engine.descriptor.TestMethodTestDescriptor.invokeTestMethod(TestMethodTestDescriptor.java:214)
	at app//org.junit.jupiter.engine.descriptor.TestMethodTestDescriptor.execute(TestMethodTestDescriptor.java:139)
	at app//org.junit.jupiter.engine.descriptor.TestMethodTestDescriptor.execute(TestMethodTestDescriptor.java:69)
	at app//org.junit.platform.engine.support.hierarchical.NodeTestTask.lambda$executeRecursively$6(NodeTestTask.java:151)
	at app//org.junit.platform.engine.support.hierarchical.ThrowableCollector.execute(ThrowableCollector.java:73)
	at app//org.junit.platform.engine.support.hierarchical.NodeTestTask.lambda$executeRecursively$8(NodeTestTask.java:141)
	at app//org.junit.platform.engine.support.hierarchical.Node.around(Node.java:137)
	at app//org.junit.platform.engine.support.hierarchical.NodeTestTask.lambda$executeRecursively$9(NodeTestTask.java:139)
	at app//org.junit.platform.engine.support.hierarchical.ThrowableCollector.execute(ThrowableCollector.java:73)
	at app//org.junit.platform.engine.support.hierarchical.NodeTestTask.executeRecursively(NodeTestTask.java:138)
	at app//org.junit.platform.engine.support.hierarchical.NodeTestTask.execute(NodeTestTask.java:95)
	at java.base@17.0.14/java.util.ArrayList.forEach(ArrayList.java:1511)
	at app//org.junit.platform.engine.support.hierarchical.SameThreadHierarchicalTestExecutorService.invokeAll(SameThreadHierarchicalTestExecutorService.java:41)
	at app//org.junit.platform.engine.support.hierarchical.NodeTestTask.lambda$executeRecursively$6(NodeTestTask.java:155)
	at app//org.junit.platform.engine.support.hierarchical.ThrowableCollector.execute(ThrowableCollector.java:73)
	at app//org.junit.platform.engine.support.hierarchical.NodeTestTask.lambda$executeRecursively$8(NodeTestTask.java:141)
	at app//org.junit.platform.engine.support.hierarchical.Node.around(Node.java:137)
	at app//org.junit.platform.engine.support.hierarchical.NodeTestTask.lambda$executeRecursively$9(NodeTestTask.java:139)
	at app//org.junit.platform.engine.support.hierarchical.ThrowableCollector.execute(ThrowableCollector.java:73)
	at app//org.junit.platform.engine.support.hierarchical.NodeTestTask.executeRecursively(NodeTestTask.java:138)
	at app//org.junit.platform.engine.support.hierarchical.NodeTestTask.execute(NodeTestTask.java:95)
	at java.base@17.0.14/java.util.ArrayList.forEach(ArrayList.java:1511)
	at app//org.junit.platform.engine.support.hierarchical.SameThreadHierarchicalTestExecutorService.invokeAll(SameThreadHierarchicalTestExecutorService.java:41)
	at app//org.junit.platform.engine.support.hierarchical.NodeTestTask.lambda$executeRecursively$6(NodeTestTask.java:155)
	at app//org.junit.platform.engine.support.hierarchical.ThrowableCollector.execute(ThrowableCollector.java:73)
	at app//org.junit.platform.engine.support.hierarchical.NodeTestTask.lambda$executeRecursively$8(NodeTestTask.java:141)
	at app//org.junit.platform.engine.support.hierarchical.Node.around(Node.java:137)
	at app//org.junit.platform.engine.support.hierarchical.NodeTestTask.lambda$executeRecursively$9(NodeTestTask.java:139)
	at app//org.junit.platform.engine.support.hierarchical.ThrowableCollector.execute(ThrowableCollector.java:73)
	at app//org.junit.platform.engine.support.hierarchical.NodeTestTask.executeRecursively(NodeTestTask.java:138)
	at app//org.junit.platform.engine.support.hierarchical.NodeTestTask.execute(NodeTestTask.java:95)
	at app//org.junit.platform.engine.support.hierarchical.SameThreadHierarchicalTestExecutorService.submit(SameThreadHierarchicalTestExecutorService.java:35)
	at app//org.junit.platform.engine.support.hierarchical.HierarchicalTestExecutor.execute(HierarchicalTestExecutor.java:57)
	at app//org.junit.platform.engine.support.hierarchical.HierarchicalTestEngine.execute(HierarchicalTestEngine.java:54)
	at app//org.junit.platform.launcher.core.EngineExecutionOrchestrator.execute(EngineExecutionOrchestrator.java:107)
	at app//org.junit.platform.launcher.core.EngineExecutionOrchestrator.execute(EngineExecutionOrchestrator.java:88)
	at app//org.junit.platform.launcher.core.EngineExecutionOrchestrator.lambda$execute$0(EngineExecutionOrchestrator.java:54)
	at app//org.junit.platform.launcher.core.EngineExecutionOrchestrator.withInterceptedStreams(EngineExecutionOrchestrator.java:67)
	at app//org.junit.platform.launcher.core.EngineExecutionOrchestrator.execute(EngineExecutionOrchestrator.java:52)
	at app//org.junit.platform.launcher.core.DefaultLauncher.execute(DefaultLauncher.java:114)
	at app//org.junit.platform.launcher.core.DefaultLauncher.execute(DefaultLauncher.java:86)
	at app//org.junit.platform.launcher.core.DefaultLauncherSession$DelegatingLauncher.execute(DefaultLauncherSession.java:86)
	at org.gradle.api.internal.tasks.testing.junitplatform.JUnitPlatformTestClassProcessor$CollectAllTestClassesExecutor.processAllTestClasses(JUnitPlatformTestClassProcessor.java:119)
	at org.gradle.api.internal.tasks.testing.junitplatform.JUnitPlatformTestClassProcessor$CollectAllTestClassesExecutor.access$000(JUnitPlatformTestClassProcessor.java:94)
	at org.gradle.api.internal.tasks.testing.junitplatform.JUnitPlatformTestClassProcessor.stop(JUnitPlatformTestClassProcessor.java:89)
	at org.gradle.api.internal.tasks.testing.SuiteTestClassProcessor.stop(SuiteTestClassProcessor.java:62)
	at java.base@17.0.14/jdk.internal.reflect.NativeMethodAccessorImpl.invoke0(Native Method)
	at java.base@17.0.14/jdk.internal.reflect.NativeMethodAccessorImpl.invoke(NativeMethodAccessorImpl.java:77)
	at java.base@17.0.14/jdk.internal.reflect.DelegatingMethodAccessorImpl.invoke(DelegatingMethodAccessorImpl.java:43)
	at java.base@17.0.14/java.lang.reflect.Method.invoke(Method.java:569)
	at org.gradle.internal.dispatch.ReflectionDispatch.dispatch(ReflectionDispatch.java:36)
	at org.gradle.internal.dispatch.ReflectionDispatch.dispatch(ReflectionDispatch.java:24)
	at org.gradle.internal.dispatch.ContextClassLoaderDispatch.dispatch(ContextClassLoaderDispatch.java:33)
	at org.gradle.internal.dispatch.ProxyDispatchAdapter$DispatchingInvocationHandler.invoke(ProxyDispatchAdapter.java:94)
	at jdk.proxy1/jdk.proxy1.$Proxy2.stop(Unknown Source)
	at org.gradle.api.internal.tasks.testing.worker.TestWorker$3.run(TestWorker.java:193)
	at org.gradle.api.internal.tasks.testing.worker.TestWorker.executeAndMaintainThreadName(TestWorker.java:129)
	at org.gradle.api.internal.tasks.testing.worker.TestWorker.execute(TestWorker.java:100)
	at org.gradle.api.internal.tasks.testing.worker.TestWorker.execute(TestWorker.java:60)
	at org.gradle.process.internal.worker.child.ActionExecutionWorker.execute(ActionExecutionWorker.java:56)
	at org.gradle.process.internal.worker.child.SystemApplicationClassLoaderWorker.call(SystemApplicationClassLoaderWorker.java:113)
	at org.gradle.process.internal.worker.child.SystemApplicationClassLoaderWorker.call(SystemApplicationClassLoaderWorker.java:65)
	at app//worker.org.gradle.process.internal.worker.GradleWorkerMain.run(GradleWorkerMain.java:69)
	at app//worker.org.gradle.process.internal.worker.GradleWorkerMain.main(GradleWorkerMain.java:74)
</failure>
  </testcase>
  <testcase name="Step 2: Switch branch via Branches popup" classname="vip.trushin.intellij.workflows.StashFlowTest" time="13.646"/>
  <testcase name="Step 3: Pop stash via UnStash dialog" classname="vip.trushin.intellij.workflows.StashFlowTest" time="13.16"/>
  <system-out><![CDATA[09:50:22.828 [Test worker] INFO  v.trushin.intellij.model.EventLogger - Event logger writing to: /Users/macbookpro/git-flow-log.jsonl
09:50:24.104 [Test worker] INFO  v.t.intellij.capture.CapturePipeline - === Capture: stash_changes (STASH) ===
09:50:24.708 [Test worker] INFO  v.t.intellij.capture.ScreenCapture - IDE-internal screenshot saved: /Users/macbookpro/openSource/intellij-idea.trushin.vip/./captures/20260323_095024_610_before_stash_changes.png
09:50:24.759 [Test worker] INFO  v.t.intellij.capture.ScreenCapture - UI tree via inspection endpoint saved: /Users/macbookpro/openSource/intellij-idea.trushin.vip/./captures/20260323_095024_709_before_stash_changes_hierarchy.xml
09:50:24.759 [Test worker] INFO  v.t.intellij.capture.CapturePipeline - Pre-capture complete: screenshot=/Users/macbookpro/openSource/intellij-idea.trushin.vip/./captures/20260323_095024_610_before_stash_changes.png, tree=/Users/macbookpro/openSource/intellij-idea.trushin.vip/./captures/20260323_095024_709_before_stash_changes_hierarchy.xml
09:50:24.854 [Test worker] ERROR v.t.intellij.capture.CapturePipeline - Action 'stash_changes' failed: IdeaSideException: TypeError: Cannot find function writeText in object /Users/macbookpro/openSource/intellij-idea.trushin.vip/stash-test-temp.txt. (js#11)
com.intellij.remoterobot.client.IdeaSideException: TypeError: Cannot find function writeText in object /Users/macbookpro/openSource/intellij-idea.trushin.vip/stash-test-temp.txt. (js#11)
	at com.intellij.remoterobot.client.IdeRobotClient.throwIdeaSideError(IdeRobotClient.kt:141)
	at com.intellij.remoterobot.client.IdeRobotClient.processRetrieveResponse(IdeRobotClient.kt:117)
	at com.intellij.remoterobot.client.IdeRobotClient.retrieve(IdeRobotClient.kt:79)
	at com.intellij.remoterobot.JavaScriptApi$DefaultImpls.callJs(JavaScriptApi.kt:101)
	at com.intellij.remoterobot.RemoteRobot.callJs(RemoteRobot.kt:32)
	at com.intellij.remoterobot.fixtures.Fixture.callJs(Fixture.kt:104)
	at com.intellij.remoterobot.fixtures.Fixture.callJs$default(Fixture.kt:97)
	at vip.trushin.intellij.workflows.StashFlowTest$stashChanges$event$1.invoke(StashFlowTest.kt:30)
	at vip.trushin.intellij.workflows.StashFlowTest$stashChanges$event$1.invoke(StashFlowTest.kt:20)
	at vip.trushin.intellij.capture.CapturePipeline.captureAction(CapturePipeline.kt:51)
	at vip.trushin.intellij.capture.CapturePipeline.captureAction$default(CapturePipeline.kt:30)
	at vip.trushin.intellij.workflows.StashFlowTest.stashChanges(StashFlowTest.kt:20)
	at java.base/jdk.internal.reflect.NativeMethodAccessorImpl.invoke0(Native Method)
	at java.base/jdk.internal.reflect.NativeMethodAccessorImpl.invoke(NativeMethodAccessorImpl.java:77)
	at java.base/jdk.internal.reflect.DelegatingMethodAccessorImpl.invoke(DelegatingMethodAccessorImpl.java:43)
	at java.base/java.lang.reflect.Method.invoke(Method.java:569)
	at org.junit.platform.commons.util.ReflectionUtils.invokeMethod(ReflectionUtils.java:728)
	at org.junit.jupiter.engine.execution.MethodInvocation.proceed(MethodInvocation.java:60)
	at org.junit.jupiter.engine.execution.InvocationInterceptorChain$ValidatingInvocation.proceed(InvocationInterceptorChain.java:131)
	at org.junit.jupiter.engine.extension.TimeoutExtension.intercept(TimeoutExtension.java:156)
	at org.junit.jupiter.engine.extension.TimeoutExtension.interceptTestableMethod(TimeoutExtension.java:147)
	at org.junit.jupiter.engine.extension.TimeoutExtension.interceptTestMethod(TimeoutExtension.java:86)
	at org.junit.jupiter.engine.execution.InterceptingExecutableInvoker$ReflectiveInterceptorCall.lambda$ofVoidMethod$0(InterceptingExecutableInvoker.java:103)
	at org.junit.jupiter.engine.execution.InterceptingExecutableInvoker.lambda$invoke$0(InterceptingExecutableInvoker.java:93)
	at org.junit.jupiter.engine.execution.InvocationInterceptorChain$InterceptedInvocation.proceed(InvocationInterceptorChain.java:106)
	at org.junit.jupiter.engine.execution.InvocationInterceptorChain.proceed(InvocationInterceptorChain.java:64)
	at org.junit.jupiter.engine.execution.InvocationInterceptorChain.chainAndInvoke(InvocationInterceptorChain.java:45)
	at org.junit.jupiter.engine.execution.InvocationInterceptorChain.invoke(InvocationInterceptorChain.java:37)
	at org.junit.jupiter.engine.execution.InterceptingExecutableInvoker.invoke(InterceptingExecutableInvoker.java:92)
	at org.junit.jupiter.engine.execution.InterceptingExecutableInvoker.invoke(InterceptingExecutableInvoker.java:86)
	at org.junit.jupiter.engine.descriptor.TestMethodTestDescriptor.lambda$invokeTestMethod$7(TestMethodTestDescriptor.java:218)
	at org.junit.platform.engine.support.hierarchical.ThrowableCollector.execute(ThrowableCollector.java:73)
	at org.junit.jupiter.engine.descriptor.TestMethodTestDescriptor.invokeTestMethod(TestMethodTestDescriptor.java:214)
	at org.junit.jupiter.engine.descriptor.TestMethodTestDescriptor.execute(TestMethodTestDescriptor.java:139)
	at org.junit.jupiter.engine.descriptor.TestMethodTestDescriptor.execute(TestMethodTestDescriptor.java:69)
	at org.junit.platform.engine.support.hierarchical.NodeTestTask.lambda$executeRecursively$6(NodeTestTask.java:151)
	at org.junit.platform.engine.support.hierarchical.ThrowableCollector.execute(ThrowableCollector.java:73)
	at org.junit.platform.engine.support.hierarchical.NodeTestTask.lambda$executeRecursively$8(NodeTestTask.java:141)
	at org.junit.platform.engine.support.hierarchical.Node.around(Node.java:137)
	at org.junit.platform.engine.support.hierarchical.NodeTestTask.lambda$executeRecursively$9(NodeTestTask.java:139)
	at org.junit.platform.engine.support.hierarchical.ThrowableCollector.execute(ThrowableCollector.java:73)
	at org.junit.platform.engine.support.hierarchical.NodeTestTask.executeRecursively(NodeTestTask.java:138)
	at org.junit.platform.engine.support.hierarchical.NodeTestTask.execute(NodeTestTask.java:95)
	at java.base/java.util.ArrayList.forEach(ArrayList.java:1511)
	at org.junit.platform.engine.support.hierarchical.SameThreadHierarchicalTestExecutorService.invokeAll(SameThreadHierarchicalTestExecutorService.java:41)
	at org.junit.platform.engine.support.hierarchical.NodeTestTask.lambda$executeRecursively$6(NodeTestTask.java:155)
	at org.junit.platform.engine.support.hierarchical.ThrowableCollector.execute(ThrowableCollector.java:73)
	at org.junit.platform.engine.support.hierarchical.NodeTestTask.lambda$executeRecursively$8(NodeTestTask.java:141)
	at org.junit.platform.engine.support.hierarchical.Node.around(Node.java:137)
	at org.junit.platform.engine.support.hierarchical.NodeTestTask.lambda$executeRecursively$9(NodeTestTask.java:139)
	at org.junit.platform.engine.support.hierarchical.ThrowableCollector.execute(ThrowableCollector.java:73)
	at org.junit.platform.engine.support.hierarchical.NodeTestTask.executeRecursively(NodeTestTask.java:138)
	at org.junit.platform.engine.support.hierarchical.NodeTestTask.execute(NodeTestTask.java:95)
	at java.base/java.util.ArrayList.forEach(ArrayList.java:1511)
	at org.junit.platform.engine.support.hierarchical.SameThreadHierarchicalTestExecutorService.invokeAll(SameThreadHierarchicalTestExecutorService.java:41)
	at org.junit.platform.engine.support.hierarchical.NodeTestTask.lambda$executeRecursively$6(NodeTestTask.java:155)
	at org.junit.platform.engine.support.hierarchical.ThrowableCollector.execute(ThrowableCollector.java:73)
	at org.junit.platform.engine.support.hierarchical.NodeTestTask.lambda$executeRecursively$8(NodeTestTask.java:141)
	at org.junit.platform.engine.support.hierarchical.Node.around(Node.java:137)
	at org.junit.platform.engine.support.hierarchical.NodeTestTask.lambda$executeRecursively$9(NodeTestTask.java:139)
	at org.junit.platform.engine.support.hierarchical.ThrowableCollector.execute(ThrowableCollector.java:73)
	at org.junit.platform.engine.support.hierarchical.NodeTestTask.executeRecursively(NodeTestTask.java:138)
	at org.junit.platform.engine.support.hierarchical.NodeTestTask.execute(NodeTestTask.java:95)
	at org.junit.platform.engine.support.hierarchical.SameThreadHierarchicalTestExecutorService.submit(SameThreadHierarchicalTestExecutorService.java:35)
	at org.junit.platform.engine.support.hierarchical.HierarchicalTestExecutor.execute(HierarchicalTestExecutor.java:57)
	at org.junit.platform.engine.support.hierarchical.HierarchicalTestEngine.execute(HierarchicalTestEngine.java:54)
	at org.junit.platform.launcher.core.EngineExecutionOrchestrator.execute(EngineExecutionOrchestrator.java:107)
	at org.junit.platform.launcher.core.EngineExecutionOrchestrator.execute(EngineExecutionOrchestrator.java:88)
	at org.junit.platform.launcher.core.EngineExecutionOrchestrator.lambda$execute$0(EngineExecutionOrchestrator.java:54)
	at org.junit.platform.launcher.core.EngineExecutionOrchestrator.withInterceptedStreams(EngineExecutionOrchestrator.java:67)
	at org.junit.platform.launcher.core.EngineExecutionOrchestrator.execute(EngineExecutionOrchestrator.java:52)
	at org.junit.platform.launcher.core.DefaultLauncher.execute(DefaultLauncher.java:114)
	at org.junit.platform.launcher.core.DefaultLauncher.execute(DefaultLauncher.java:86)
	at org.junit.platform.launcher.core.DefaultLauncherSession$DelegatingLauncher.execute(DefaultLauncherSession.java:86)
	at org.gradle.api.internal.tasks.testing.junitplatform.JUnitPlatformTestClassProcessor$CollectAllTestClassesExecutor.processAllTestClasses(JUnitPlatformTestClassProcessor.java:119)
	at org.gradle.api.internal.tasks.testing.junitplatform.JUnitPlatformTestClassProcessor$CollectAllTestClassesExecutor.access$000(JUnitPlatformTestClassProcessor.java:94)
	at org.gradle.api.internal.tasks.testing.junitplatform.JUnitPlatformTestClassProcessor.stop(JUnitPlatformTestClassProcessor.java:89)
	at org.gradle.api.internal.tasks.testing.SuiteTestClassProcessor.stop(SuiteTestClassProcessor.java:62)
	at java.base/jdk.internal.reflect.NativeMethodAccessorImpl.invoke0(Native Method)
	at java.base/jdk.internal.reflect.NativeMethodAccessorImpl.invoke(NativeMethodAccessorImpl.java:77)
	at java.base/jdk.internal.reflect.DelegatingMethodAccessorImpl.invoke(DelegatingMethodAccessorImpl.java:43)
	at java.base/java.lang.reflect.Method.invoke(Method.java:569)
	at org.gradle.internal.dispatch.ReflectionDispatch.dispatch(ReflectionDispatch.java:36)
	at org.gradle.internal.dispatch.ReflectionDispatch.dispatch(ReflectionDispatch.java:24)
	at org.gradle.internal.dispatch.ContextClassLoaderDispatch.dispatch(ContextClassLoaderDispatch.java:33)
	at org.gradle.internal.dispatch.ProxyDispatchAdapter$DispatchingInvocationHandler.invoke(ProxyDispatchAdapter.java:94)
	at jdk.proxy1/jdk.proxy1.$Proxy2.stop(Unknown Source)
	at org.gradle.api.internal.tasks.testing.worker.TestWorker$3.run(TestWorker.java:193)
	at org.gradle.api.internal.tasks.testing.worker.TestWorker.executeAndMaintainThreadName(TestWorker.java:129)
	at org.gradle.api.internal.tasks.testing.worker.TestWorker.execute(TestWorker.java:100)
	at org.gradle.api.internal.tasks.testing.worker.TestWorker.execute(TestWorker.java:60)
	at org.gradle.process.internal.worker.child.ActionExecutionWorker.execute(ActionExecutionWorker.java:56)
	at org.gradle.process.internal.worker.child.SystemApplicationClassLoaderWorker.call(SystemApplicationClassLoaderWorker.java:113)
	at org.gradle.process.internal.worker.child.SystemApplicationClassLoaderWorker.call(SystemApplicationClassLoaderWorker.java:65)
	at worker.org.gradle.process.internal.worker.GradleWorkerMain.run(GradleWorkerMain.java:69)
	at worker.org.gradle.process.internal.worker.GradleWorkerMain.main(GradleWorkerMain.java:74)
Caused by: java.lang.Throwable: null
	at org.mozilla.javascript.ScriptRuntime.constructError(ScriptRuntime.java:4692)
	at org.mozilla.javascript.ScriptRuntime.constructError(ScriptRuntime.java:4673)
	at org.mozilla.javascript.ScriptRuntime.typeError(ScriptRuntime.java:4705)
	at org.mozilla.javascript.ScriptRuntime.typeErrorById(ScriptRuntime.java:4710)
	at org.mozilla.javascript.ScriptRuntime.notFunctionError(ScriptRuntime.java:4789)
	at org.mozilla.javascript.ScriptRuntime.getPropFunctionAndThisHelper(ScriptRuntime.java:2656)
	at org.mozilla.javascript.ScriptRuntime.getPropFunctionAndThis(ScriptRuntime.java:2639)
	at org.mozilla.javascript.gen.js_314._c_script_0(js:11)
	at org.mozilla.javascript.gen.js_314.call(js)
	at org.mozilla.javascript.ContextFactory.doTopCall(ContextFactory.java:383)
	at org.mozilla.javascript.ScriptRuntime.doTopCall(ScriptRuntime.java:3940)
	at org.mozilla.javascript.gen.js_314.call(js)
	at org.mozilla.javascript.gen.js_314.exec(js)
	at com.intellij.remoterobot.services.js.RhinoJavaScriptExecutor.executeWithContext(RhinoJavaScriptExecutor.kt:65)
	at com.intellij.remoterobot.services.js.RhinoJavaScriptExecutor.execute(RhinoJavaScriptExecutor.kt:16)
	at com.intellij.remoterobot.services.IdeRobot$retrieveAny$4.invoke(IdeRobot.kt:369)
	at com.intellij.remoterobot.services.IdeRobot$retrieveAny$4.invoke(IdeRobot.kt:357)
	at com.intellij.remoterobot.services.IdeRobot.getResult(IdeRobot.kt:392)
	at com.intellij.remoterobot.services.IdeRobot.retrieveAny(IdeRobot.kt:357)
	at com.intellij.remoterobot.RobotServerImpl$startServer$2$2$27$1.invoke(RobotServerImpl.kt:313)
	at com.intellij.remoterobot.RobotServerImpl$startServer$2$2$27$1.invoke(RobotServerImpl.kt:310)
	at com.intellij.remoterobot.RobotServerImpl$Companion.dataResultRequest(RobotServerImpl.kt:351)
	at com.intellij.remoterobot.RobotServerImpl$startServer$2$2$27.invokeSuspend(RobotServerImpl.kt:310)
	at kotlin.coroutines.jvm.internal.BaseContinuationImpl.resumeWith(ContinuationImpl.kt:33)
	at kotlinx.coroutines.internal.DispatchedContinuation.resumeWith(DispatchedContinuation.kt:202)
	at io.ktor.util.pipeline.SuspendFunctionGun.resumeRootWith(SuspendFunctionGun.kt:146)
	at io.ktor.util.pipeline.SuspendFunctionGun.loop(SuspendFunctionGun.kt:120)
	at io.ktor.util.pipeline.SuspendFunctionGun.access$loop(SuspendFunctionGun.kt:11)
	at io.ktor.util.pipeline.SuspendFunctionGun$continuation$1.resumeWith(SuspendFunctionGun.kt:70)
	at kotlin.coroutines.jvm.internal.BaseContinuationImpl.resumeWith(ContinuationImpl.kt:46)
	at kotlinx.coroutines.DispatchedTask.run(DispatchedTask.kt:106)
	at io.netty.util.concurrent.AbstractEventExecutor.runTask(AbstractEventExecutor.java:173)
	at io.netty.util.concurrent.AbstractEventExecutor.safeExecute(AbstractEventExecutor.java:166)
	at io.netty.util.concurrent.SingleThreadEventExecutor.runAllTasks(SingleThreadEventExecutor.java:470)
	at io.netty.channel.nio.NioEventLoop.run(NioEventLoop.java:569)
	at io.netty.util.concurrent.SingleThreadEventExecutor$4.run(SingleThreadEventExecutor.java:997)
	at io.netty.util.internal.ThreadExecutorMap$2.run(ThreadExecutorMap.java:74)
	at io.ktor.server.netty.EventLoopGroupProxy$Companion.create$lambda$1$lambda$0(NettyApplicationEngine.kt:296)
	at io.netty.util.concurrent.FastThreadLocalRunnable.run(FastThreadLocalRunnable.java:30)
	at java.base/java.lang.Thread.run(Thread.java:1583)
09:50:26.445 [Test worker] INFO  v.t.intellij.capture.ScreenCapture - IDE-internal screenshot saved: /Users/macbookpro/openSource/intellij-idea.trushin.vip/./captures/20260323_095026_366_after_stash_changes.png
09:50:26.490 [Test worker] INFO  v.t.intellij.capture.ScreenCapture - UI tree via inspection endpoint saved: /Users/macbookpro/openSource/intellij-idea.trushin.vip/./captures/20260323_095026_445_after_stash_changes_hierarchy.xml
09:50:26.491 [Test worker] INFO  v.t.intellij.capture.CapturePipeline - Post-capture complete: screenshot=/Users/macbookpro/openSource/intellij-idea.trushin.vip/./captures/20260323_095026_366_after_stash_changes.png, tree=/Users/macbookpro/openSource/intellij-idea.trushin.vip/./captures/20260323_095026_445_after_stash_changes_hierarchy.xml
09:50:26.499 [Test worker] DEBUG v.trushin.intellij.model.EventLogger - Logged event: type=STASH, outcome=FAILURE
09:50:26.499 [Test worker] INFO  v.t.intellij.capture.CapturePipeline - === Capture complete: stash_changes -> FAILURE ===
09:50:28.730 [Test worker] INFO  v.t.intellij.capture.CapturePipeline - === Capture: switch_branch_with_stash (CHECKOUT) ===
09:50:29.308 [Test worker] INFO  v.t.intellij.capture.ScreenCapture - IDE-internal screenshot saved: /Users/macbookpro/openSource/intellij-idea.trushin.vip/./captures/20260323_095029_232_before_switch_branch_with_stash.png
09:50:29.347 [Test worker] INFO  v.t.intellij.capture.ScreenCapture - UI tree via inspection endpoint saved: /Users/macbookpro/openSource/intellij-idea.trushin.vip/./captures/20260323_095029_308_before_switch_branch_with_stash_hierarchy.xml
09:50:29.347 [Test worker] INFO  v.t.intellij.capture.CapturePipeline - Pre-capture complete: screenshot=/Users/macbookpro/openSource/intellij-idea.trushin.vip/./captures/20260323_095029_232_before_switch_branch_with_stash.png, tree=/Users/macbookpro/openSource/intellij-idea.trushin.vip/./captures/20260323_095029_308_before_switch_branch_with_stash_hierarchy.xml
09:50:32.972 [Test worker] INFO  v.t.intellij.capture.ScreenCapture - IDE-internal screenshot saved: /Users/macbookpro/openSource/intellij-idea.trushin.vip/./captures/20260323_095032_891_during_branches_popup_switch.png
09:50:40.121 [Test worker] INFO  v.t.intellij.capture.ScreenCapture - IDE-internal screenshot saved: /Users/macbookpro/openSource/intellij-idea.trushin.vip/./captures/20260323_095040_052_after_switch_branch_with_stash.png
09:50:40.159 [Test worker] INFO  v.t.intellij.capture.ScreenCapture - UI tree via inspection endpoint saved: /Users/macbookpro/openSource/intellij-idea.trushin.vip/./captures/20260323_095040_121_after_switch_branch_with_stash_hierarchy.xml
09:50:40.159 [Test worker] INFO  v.t.intellij.capture.CapturePipeline - Post-capture complete: screenshot=/Users/macbookpro/openSource/intellij-idea.trushin.vip/./captures/20260323_095040_052_after_switch_branch_with_stash.png, tree=/Users/macbookpro/openSource/intellij-idea.trushin.vip/./captures/20260323_095040_121_after_switch_branch_with_stash_hierarchy.xml
09:50:40.160 [Test worker] DEBUG v.trushin.intellij.model.EventLogger - Logged event: type=CHECKOUT, outcome=SUCCESS
09:50:40.160 [Test worker] INFO  v.t.intellij.capture.CapturePipeline - === Capture complete: switch_branch_with_stash -> SUCCESS ===
09:50:42.383 [Test worker] INFO  v.t.intellij.capture.CapturePipeline - === Capture: pop_stash (STASH) ===
09:50:42.960 [Test worker] INFO  v.t.intellij.capture.ScreenCapture - IDE-internal screenshot saved: /Users/macbookpro/openSource/intellij-idea.trushin.vip/./captures/20260323_095042_888_before_pop_stash.png
09:50:43.002 [Test worker] INFO  v.t.intellij.capture.ScreenCapture - UI tree via inspection endpoint saved: /Users/macbookpro/openSource/intellij-idea.trushin.vip/./captures/20260323_095042_960_before_pop_stash_hierarchy.xml
09:50:43.002 [Test worker] INFO  v.t.intellij.capture.CapturePipeline - Pre-capture complete: screenshot=/Users/macbookpro/openSource/intellij-idea.trushin.vip/./captures/20260323_095042_888_before_pop_stash.png, tree=/Users/macbookpro/openSource/intellij-idea.trushin.vip/./captures/20260323_095042_960_before_pop_stash_hierarchy.xml
09:50:45.120 [Test worker] INFO  v.t.intellij.capture.ScreenCapture - IDE-internal screenshot saved: /Users/macbookpro/openSource/intellij-idea.trushin.vip/./captures/20260323_095045_044_during_unstash_dialog.png
09:50:53.230 [Test worker] INFO  v.t.intellij.capture.ScreenCapture - IDE-internal screenshot saved: /Users/macbookpro/openSource/intellij-idea.trushin.vip/./captures/20260323_095053_152_after_pop_stash.png
09:50:53.271 [Test worker] INFO  v.t.intellij.capture.ScreenCapture - UI tree via inspection endpoint saved: /Users/macbookpro/openSource/intellij-idea.trushin.vip/./captures/20260323_095053_231_after_pop_stash_hierarchy.xml
09:50:53.272 [Test worker] INFO  v.t.intellij.capture.CapturePipeline - Post-capture complete: screenshot=/Users/macbookpro/openSource/intellij-idea.trushin.vip/./captures/20260323_095053_152_after_pop_stash.png, tree=/Users/macbookpro/openSource/intellij-idea.trushin.vip/./captures/20260323_095053_231_after_pop_stash_hierarchy.xml
09:50:53.272 [Test worker] DEBUG v.trushin.intellij.model.EventLogger - Logged event: type=STASH, outcome=SUCCESS
09:50:53.272 [Test worker] INFO  v.t.intellij.capture.CapturePipeline - === Capture complete: pop_stash -> SUCCESS ===
]]></system-out>
  <system-err><![CDATA[]]></system-err>
</testsuite>
